<?xml version="1.0" encoding="UTF-8"?>
<!-- Generated by org.testng.reporters.JUnitReportReporter -->
<testsuite skipped="0" hostname="GhXsT" name="Assignment.BasicTestNG" tests="2" failures="0" timestamp="2021-03-29T15:44:35 IST" time="0.012" errors="0">
  <testcase name="f1" time="0.002" classname="Assignment.BasicTestNG"/>
  <system-out/>
  <testcase name="f" time="0.010" classname="Assignment.BasicTestNG"/>
  <system-out/>
</testsuite> <!-- Assignment.BasicTestNG -->
