<?xml version="1.0" encoding="UTF-8"?>
<!-- Generated by org.testng.reporters.JUnitReportReporter -->
<testsuite skipped="0" hostname="GhXsT" name="com.lti.day6.GroupExample" tests="4" failures="0" timestamp="2021-03-14T16:31:22 IST" time="0.017" errors="0">
  <testcase name="f1" time="0.011" classname="com.lti.day6.GroupExample"/>
  <system-out/>
  <testcase name="f2" time="0.002" classname="com.lti.day6.GroupExample"/>
  <system-out/>
  <testcase name="f" time="0.002" classname="com.lti.day6.GroupExample"/>
  <system-out/>
  <testcase name="f4" time="0.002" classname="com.lti.day6.GroupExample"/>
  <system-out/>
</testsuite> <!-- com.lti.day6.GroupExample -->
