<?xml version="1.0" encoding="UTF-8"?>
<!-- Generated by org.testng.reporters.JUnitReportReporter -->
<testsuite skipped="0" hostname="Infva06932" name="com.lti.day7.Read" tests="1" failures="0" timestamp="05 Jul 2019 11:31:55 GMT" time="8.967" errors="0">
  <testcase name="f" time="8.967" classname="com.lti.day7.Read"/>
</testsuite> <!-- com.lti.day7.Read -->
