<?xml version="1.0" encoding="UTF-8"?>
<!-- Generated by org.testng.reporters.JUnitReportReporter -->
<testsuite skipped="0" hostname="Infva06948" name="Assignment.q3" tests="1" failures="0" timestamp="20 Jul 2019 08:46:55 GMT" time="195.798" errors="0">
  <testcase name="f" time="195.798" classname="Assignment.q3"/>
</testsuite> <!-- Assignment.q3 -->
