<?xml version="1.0" encoding="UTF-8"?>
<!-- Generated by org.testng.reporters.JUnitReportReporter -->
<testsuite skipped="0" hostname="Infva06930" name="Assignment.NewTest" tests="1" failures="0" timestamp="02 Jul 2019 04:41:09 GMT" time="57.419" errors="0">
  <testcase name="f" time="57.419" classname="Assignment.NewTest"/>
</testsuite> <!-- Assignment.NewTest -->
