<?xml version="1.0" encoding="UTF-8"?>
<!-- Generated by org.testng.reporters.JUnitReportReporter -->
<testsuite skipped="1" hostname="Infva06932" name="com.lti.day7.Execute2" tests="2" failures="0" timestamp="05 Jul 2019 08:45:54 GMT" time="45.813" errors="0">
  <testcase name="LinksFactory" time="45.813" classname="com.lti.day7.Execute2"/>
  <testcase name="f" classname="com.lti.day7.Execute2">
    <skipped/>
  </testcase> <!-- f -->
</testsuite> <!-- com.lti.day7.Execute2 -->
