<?xml version="1.0" encoding="UTF-8"?>
<!-- Generated by org.testng.reporters.JUnitReportReporter -->
<testsuite skipped="0" hostname="Infva06932" name="com.ltil.day5.OracleTest" tests="2" failures="0" timestamp="04 Jul 2019 10:20:49 GMT" time="4.897" errors="0">
  <testcase name="OpenURL" time="1.340" classname="com.ltil.day5.OracleTest"/>
  <testcase name="LoginProcess" time="3.557" classname="com.ltil.day5.OracleTest"/>
</testsuite> <!-- com.ltil.day5.OracleTest -->
