<?xml version="1.0" encoding="UTF-8"?>
<!-- Generated by org.testng.reporters.JUnitReportReporter -->
<testsuite skipped="0" hostname="Infva06932" name="com.ltil.day4.NewTest" tests="1" failures="0" timestamp="01 Jul 2019 08:43:57 GMT" time="2.294" errors="0">
  <testcase name="GoogleTest" time="2.294" classname="com.ltil.day4.NewTest"/>
</testsuite> <!-- com.ltil.day4.NewTest -->
