<?xml version="1.0" encoding="UTF-8"?>
<!-- Generated by org.testng.reporters.JUnitReportReporter -->
<testsuite skipped="0" hostname="Infva06932" name="com.lti.day7.ExecutePOM" tests="1" failures="0" timestamp="05 Jul 2019 08:47:10 GMT" time="7.633" errors="0">
  <testcase name="f" time="7.633" classname="com.lti.day7.ExecutePOM"/>
</testsuite> <!-- com.lti.day7.ExecutePOM -->
