<?xml version="1.0" encoding="UTF-8"?>
<!-- Generated by org.testng.reporters.JUnitReportReporter -->
<testsuite skipped="0" hostname="Infva06933" name="Day6.ReadingProp" tests="1" failures="0" timestamp="04 Jul 2019 04:38:28 GMT" time="10.967" errors="0">
  <testcase name="f" time="10.967" classname="Day6.ReadingProp"/>
</testsuite> <!-- Day6.ReadingProp -->
