<?xml version="1.0" encoding="UTF-8"?>
<!-- Generated by org.testng.reporters.JUnitReportReporter -->
<testsuite skipped="0" hostname="Infva06933" name="Day6.Allannotations" tests="2" failures="0" timestamp="03 Jul 2019 11:28:01 GMT" time="0.000" errors="0">
  <testcase name="f" time="0.000" classname="Day6.Allannotations"/>
  <testcase name="f2" time="0.000" classname="Day6.Allannotations"/>
</testsuite> <!-- Day6.Allannotations -->
