<?xml version="1.0" encoding="UTF-8"?>
<!-- Generated by org.testng.reporters.JUnitReportReporter -->
<testsuite skipped="0" hostname="Infva06930" name="Assignment.Q2" tests="1" failures="0" timestamp="02 Jul 2019 06:27:10 GMT" time="9.014" errors="0">
  <testcase name="f" time="9.014" classname="Assignment.Q2"/>
</testsuite> <!-- Assignment.Q2 -->
