<?xml version="1.0" encoding="UTF-8"?>
<!-- Generated by org.testng.reporters.JUnitReportReporter -->
<testsuite skipped="0" hostname="Infva06932" name="com.ltil.day4.NewTest3" tests="1" failures="0" timestamp="02 Jul 2019 05:02:20 GMT" time="24.902" errors="0">
  <testcase name="f" time="24.902" classname="com.ltil.day4.NewTest3"/>
</testsuite> <!-- com.ltil.day4.NewTest3 -->
