<?xml version="1.0" encoding="UTF-8"?>
<!-- Generated by org.testng.reporters.JUnitReportReporter -->
<testsuite skipped="0" hostname="Infva06932" name="com.ltil.day4.NewTest2" tests="1" failures="0" timestamp="01 Jul 2019 08:40:48 GMT" time="6.472" errors="0">
  <testcase name="f" time="6.472" classname="com.ltil.day4.NewTest2"/>
</testsuite> <!-- com.ltil.day4.NewTest2 -->
