<?xml version="1.0" encoding="UTF-8"?>
<!-- Generated by org.testng.reporters.JUnitReportReporter -->
<testsuite skipped="0" hostname="Infva06930" name="com.lti.day5.Scrolling" tests="1" failures="0" timestamp="02 Jul 2019 06:48:23 GMT" time="14.989" errors="0">
  <testcase name="nseIndia" time="14.989" classname="com.lti.day5.Scrolling"/>
</testsuite> <!-- com.lti.day5.Scrolling -->
