<?xml version="1.0" encoding="UTF-8"?>
<!-- Generated by org.testng.reporters.JUnitReportReporter -->
<testsuite skipped="0" hostname="Infva06948" name="Assignment.q5" tests="1" failures="0" timestamp="20 Jul 2019 06:08:59 GMT" time="98.080" errors="0">
  <testcase name="f" time="98.080" classname="Assignment.q5"/>
</testsuite> <!-- Assignment.q5 -->
