<?xml version="1.0" encoding="UTF-8"?>
<!-- Generated by org.testng.reporters.JUnitReportReporter -->
<testsuite skipped="0" hostname="Infva06930" name="com.lti.day4.NewTest" tests="1" failures="0" timestamp="01 Jul 2019 08:29:34 GMT" time="1.658" errors="0">
  <testcase name="GoogleTest" time="1.658" classname="com.lti.day4.NewTest"/>
</testsuite> <!-- com.lti.day4.NewTest -->
