<?xml version="1.0" encoding="UTF-8"?>
<!-- Generated by org.testng.reporters.JUnitReportReporter -->
<testsuite skipped="0" hostname="Infva06930" name="com.lti.day10.Reflection" tests="1" failures="0" timestamp="08 Jul 2019 08:50:03 GMT" time="0.031" errors="0">
  <testcase name="f" time="0.031" classname="com.lti.day10.Reflection"/>
</testsuite> <!-- com.lti.day10.Reflection -->
