<?xml version="1.0" encoding="UTF-8"?>
<!-- Generated by org.testng.reporters.JUnitReportReporter -->
<testsuite skipped="0" hostname="Infva06932" name="com.ltil.day5.NewTest1" tests="1" failures="0" timestamp="03 Jul 2019 10:11:32 GMT" time="1.788" errors="0">
  <testcase name="f" time="1.788" classname="com.ltil.day5.NewTest1"/>
</testsuite> <!-- com.ltil.day5.NewTest1 -->
