<?xml version="1.0" encoding="UTF-8"?>
<!-- Generated by org.testng.reporters.JUnitReportReporter -->
<testsuite skipped="0" hostname="Infva06932" name="com.ltil.day4.NewTest4" tests="2" failures="0" timestamp="01 Jul 2019 12:33:25 GMT" time="7.047" errors="0">
  <testcase name="test2" time="0.154" classname="com.ltil.day4.NewTest4"/>
  <testcase name="test1" time="6.893" classname="com.ltil.day4.NewTest4"/>
</testsuite> <!-- com.ltil.day4.NewTest4 -->
