<?xml version="1.0" encoding="UTF-8"?>
<!-- Generated by org.testng.reporters.JUnitReportReporter -->
<testsuite skipped="0" hostname="Infva06932" name="com.lti.day8.GridExample" tests="2" failures="0" timestamp="06 Jul 2019 07:09:23 GMT" time="5.801" errors="0">
  <testcase name="Execute" time="1.198" classname="com.lti.day8.GridExample"/>
  <testcase name="Execute" time="4.603" classname="com.lti.day8.GridExample"/>
</testsuite> <!-- com.lti.day8.GridExample -->
