<?xml version="1.0" encoding="UTF-8"?>
<!-- Generated by org.testng.reporters.JUnitReportReporter -->
<testsuite skipped="0" hostname="Infva06930" name="com.lti.day9.GridExample" tests="4" failures="0" timestamp="06 Jul 2019 06:19:33 GMT" time="32.295" errors="0">
  <testcase name="Execute" time="4.178" classname="com.lti.day9.GridExample"/>
  <testcase name="Execute" time="7.183" classname="com.lti.day9.GridExample"/>
  <testcase name="Execute" time="10.134" classname="com.lti.day9.GridExample"/>
  <testcase name="Execute" time="10.800" classname="com.lti.day9.GridExample"/>
</testsuite> <!-- com.lti.day9.GridExample -->
