<?xml version="1.0" encoding="UTF-8"?>
<!-- Generated by org.testng.reporters.JUnitReportReporter -->
<testsuite skipped="0" hostname="Infva06932" name="com.ltil.day4.NewTest5" tests="1" failures="0" timestamp="02 Jul 2019 06:23:53 GMT" time="6.151" errors="0">
  <testcase name="f" time="6.151" classname="com.ltil.day4.NewTest5"/>
</testsuite> <!-- com.ltil.day4.NewTest5 -->
