<?xml version="1.0" encoding="UTF-8"?>
<!-- Generated by org.testng.reporters.JUnitReportReporter -->
<testsuite skipped="0" hostname="Infva06932" name="com.lti.day6.ExecutedKey2" tests="5" failures="0" timestamp="04 Jul 2019 11:50:15 GMT" time="15.666" errors="0">
  <testcase name="f" time="14.762" classname="com.lti.day6.ExecutedKey2"/>
  <testcase name="f" time="0.700" classname="com.lti.day6.ExecutedKey2"/>
  <testcase name="f" time="0.007" classname="com.lti.day6.ExecutedKey2"/>
  <testcase name="f" time="0.195" classname="com.lti.day6.ExecutedKey2"/>
  <testcase name="f" time="0.002" classname="com.lti.day6.ExecutedKey2"/>
</testsuite> <!-- com.lti.day6.ExecutedKey2 -->
