<?xml version="1.0" encoding="UTF-8"?>
<!-- Generated by org.testng.reporters.JUnitReportReporter -->
<testsuite skipped="0" hostname="Infva06932" name="com.lti.day8.NewTest" tests="1" failures="0" timestamp="06 Jul 2019 11:02:58 GMT" time="4.853" errors="0">
  <testcase name="Execute" time="4.853" classname="com.lti.day8.NewTest"/>
</testsuite> <!-- com.lti.day8.NewTest -->
