<?xml version="1.0" encoding="UTF-8"?>
<!-- Generated by org.testng.reporters.JUnitReportReporter -->
<testsuite skipped="0" hostname="Infva06932" name="com.ltil.day5.ReadingProp" tests="1" failures="0" timestamp="04 Jul 2019 09:16:34 GMT" time="9.698" errors="0">
  <testcase name="f" time="9.698" classname="com.ltil.day5.ReadingProp"/>
</testsuite> <!-- com.ltil.day5.ReadingProp -->
