<?xml version="1.0" encoding="UTF-8"?>
<!-- Generated by org.testng.reporters.JUnitReportReporter -->
<testsuite skipped="0" hostname="Infva06932" name="com.ltil.day5.ExecuteKey" tests="1" failures="0" timestamp="04 Jul 2019 10:11:33 GMT" time="14.792" errors="0">
  <testcase name="f" time="14.792" classname="com.ltil.day5.ExecuteKey"/>
</testsuite> <!-- com.ltil.day5.ExecuteKey -->
