<?xml version="1.0" encoding="UTF-8"?>
<!-- Generated by org.testng.reporters.JUnitReportReporter -->
<testsuite skipped="1" hostname="Infva06930" name="com.lti.day8.Execute2" tests="2" failures="0" timestamp="05 Jul 2019 06:46:52 GMT" time="101.393" errors="0">
  <testcase name="f1" time="101.393" classname="com.lti.day8.Execute2"/>
  <testcase name="f" classname="com.lti.day8.Execute2">
    <skipped/>
  </testcase> <!-- f -->
</testsuite> <!-- com.lti.day8.Execute2 -->
