<?xml version="1.0" encoding="UTF-8"?>
<!-- Generated by org.testng.reporters.JUnitReportReporter -->
<testsuite skipped="0" hostname="Infva06930" name="com.lti.day8.ExecutePOM" tests="1" failures="0" timestamp="05 Jul 2019 07:06:39 GMT" time="8.505" errors="0">
  <testcase name="f" time="8.505" classname="com.lti.day8.ExecutePOM"/>
</testsuite> <!-- com.lti.day8.ExecutePOM -->
