<?xml version="1.0" encoding="UTF-8"?>
<!-- Generated by org.testng.reporters.JUnitReportReporter -->
<testsuite skipped="0" hostname="GhXsT" name="Assignment.BasicTestNG" tests="2" failures="0" timestamp="21 Jul 2019 12:10:06 GMT" time="0.009" errors="0">
  <testcase name="f1" time="0.002" classname="Assignment.BasicTestNG"/>
  <testcase name="f" time="0.007" classname="Assignment.BasicTestNG"/>
</testsuite> <!-- Assignment.BasicTestNG -->
