<?xml version="1.0" encoding="UTF-8"?>
<!-- Generated by org.testng.reporters.JUnitReportReporter -->
<testsuite skipped="0" hostname="Infva06933" name="Day5.Scrolling" tests="1" failures="0" timestamp="02 Jul 2019 06:47:37 GMT" time="39.194" errors="0">
  <testcase name="nseIndia" time="39.194" classname="Day5.Scrolling"/>
</testsuite> <!-- Day5.Scrolling -->
