<?xml version="1.0" encoding="UTF-8"?>
<!-- Generated by org.testng.reporters.JUnitReportReporter -->
<testsuite skipped="0" hostname="Infva06932" name="com.lti.day7.AllLinksImages" tests="1" failures="0" timestamp="05 Jul 2019 09:46:10 GMT" time="77.517" errors="0">
  <testcase name="f" time="77.517" classname="com.lti.day7.AllLinksImages"/>
</testsuite> <!-- com.lti.day7.AllLinksImages -->
