<?xml version="1.0" encoding="UTF-8"?>
<!-- Generated by org.testng.reporters.JUnitReportReporter -->
<testsuite skipped="0" hostname="Infva06930" name="com.lti.day7.AllLinks" tests="1" failures="0" timestamp="05 Jul 2019 04:10:09 GMT" time="81.297" errors="0">
  <testcase name="LinkCheck" time="81.297" classname="com.lti.day7.AllLinks"/>
</testsuite> <!-- com.lti.day7.AllLinks -->
