<?xml version="1.0" encoding="UTF-8"?>
<!-- Generated by org.testng.reporters.JUnitReportReporter -->
<testsuite skipped="0" hostname="GhXsT" name="Assignment.NewTest1" tests="1" failures="0" timestamp="21 Jul 2019 12:10:06 GMT" time="2.323" errors="0">
  <testcase name="f" time="2.323" classname="Assignment.NewTest1"/>
</testsuite> <!-- Assignment.NewTest1 -->
