<?xml version="1.0" encoding="UTF-8"?>
<!-- Generated by org.testng.reporters.JUnitReportReporter -->
<testsuite skipped="0" hostname="Infva06930" name="com.lti.day6.ReadingProp" tests="1" failures="0" timestamp="03 Jul 2019 09:59:39 GMT" time="2.903" errors="0">
  <testcase name="f" time="2.903" classname="com.lti.day6.ReadingProp"/>
</testsuite> <!-- com.lti.day6.ReadingProp -->
