<?xml version="1.0" encoding="UTF-8"?>
<!-- Generated by org.testng.reporters.JUnitReportReporter -->
<testsuite skipped="0" hostname="Infva06932" name="com.ltil.day4.RefTest" tests="2" failures="0" timestamp="01 Jul 2019 08:43:57 GMT" time="7.159" errors="0">
  <testcase name="f" time="6.100" classname="com.ltil.day4.RefTest"/>
  <testcase name="ReferencesTest" time="1.059" classname="com.ltil.day4.RefTest"/>
</testsuite> <!-- com.ltil.day4.RefTest -->
