<?xml version="1.0" encoding="UTF-8"?>
<!-- Generated by org.testng.reporters.JUnitReportReporter -->
<testsuite skipped="0" hostname="Infva06930" name="com.lti.day4.NewTest2" tests="2" failures="0" timestamp="01 Jul 2019 08:29:34 GMT" time="9.304" errors="0">
  <testcase name="TitleTest" time="8.161" classname="com.lti.day4.NewTest2"/>
  <testcase name="ReferencesTest" time="1.143" classname="com.lti.day4.NewTest2"/>
</testsuite> <!-- com.lti.day4.NewTest2 -->
