<?xml version="1.0" encoding="UTF-8"?>
<!-- Generated by org.testng.reporters.JUnitReportReporter -->
<testsuite skipped="0" hostname="Infva06933" name="Day7.OracleTest" tests="2" failures="0" timestamp="04 Jul 2019 08:52:30 GMT" time="5.505" errors="0">
  <testcase name="OpenURL" time="1.599" classname="Day7.OracleTest"/>
  <testcase name="LoginProcess" time="3.906" classname="Day7.OracleTest"/>
</testsuite> <!-- Day7.OracleTest -->
