<?xml version="1.0" encoding="UTF-8"?>
<!-- Generated by org.testng.reporters.JUnitReportReporter -->
<testsuite skipped="0" hostname="Infva06933" name="Day6.NewTest" tests="1" failures="0" timestamp="03 Jul 2019 11:41:32 GMT" time="0.015" errors="0">
  <testcase name="f" time="0.015" classname="Day6.NewTest"/>
</testsuite> <!-- Day6.NewTest -->
