<?xml version="1.0" encoding="UTF-8"?>
<!-- Generated by org.testng.reporters.JUnitReportReporter -->
<testsuite skipped="0" hostname="Infva06930" name="com.lti.day8.Read" tests="1" failures="0" timestamp="05 Jul 2019 11:06:17 GMT" time="11.549" errors="0">
  <testcase name="f" time="11.549" classname="com.lti.day8.Read"/>
</testsuite> <!-- com.lti.day8.Read -->
