<?xml version="1.0" encoding="UTF-8"?>
<!-- Generated by org.testng.reporters.JUnitReportReporter -->
<testsuite skipped="0" hostname="Infva06932" name="com.lti.day6.GroupExample" tests="2" failures="0" timestamp="04 Jul 2019 07:05:08 GMT" time="0.014" errors="0">
  <testcase name="f2" time="0.012" classname="com.lti.day6.GroupExample"/>
  <testcase name="f4" time="0.002" classname="com.lti.day6.GroupExample"/>
</testsuite> <!-- com.lti.day6.GroupExample -->
