<?xml version="1.0" encoding="UTF-8"?>
<!-- Generated by org.testng.reporters.JUnitReportReporter -->
<testsuite skipped="0" hostname="Infva06930" name="com.lti.day7.ExecuteKey2" tests="5" failures="0" timestamp="04 Jul 2019 11:28:13 GMT" time="23.337" errors="0">
  <testcase name="f" time="0.422" classname="com.lti.day7.ExecuteKey2"/>
  <testcase name="f" time="0.006" classname="com.lti.day7.ExecuteKey2"/>
  <testcase name="f" time="19.968" classname="com.lti.day7.ExecuteKey2"/>
  <testcase name="f" time="2.830" classname="com.lti.day7.ExecuteKey2"/>
  <testcase name="f" time="0.111" classname="com.lti.day7.ExecuteKey2"/>
</testsuite> <!-- com.lti.day7.ExecuteKey2 -->
