<?xml version="1.0" encoding="UTF-8"?>
<!-- Generated by org.testng.reporters.JUnitReportReporter -->
<testsuite skipped="0" hostname="Infva06930" name="com.lti.day8.AllLinksImages" tests="1" failures="0" timestamp="05 Jul 2019 09:33:25 GMT" time="86.977" errors="0">
  <testcase name="f" time="86.977" classname="com.lti.day8.AllLinksImages"/>
</testsuite> <!-- com.lti.day8.AllLinksImages -->
